
> @workspace/api-server@0.0.0 dev C:\Users\86mir\OneDrive\Desktop\engageHeatlh\artifacts\api-server
> cross-env NODE_ENV=development tsx ./src/index.ts

node.exe : C:\Users\86m
ir\OneDrive\Desktop\eng
ageHeatlh\artifacts\api
-server\src\index.ts:6
At C:\Users\86mir\AppDa
ta\Roaming\npm\pnpm.ps1
:24 char:5
+     & "node$exe"  "$b
asedir/node_modules/pnp
m/bin/pnpm.cjs" $args
+     ~~~~~~~~~~~~~~~~~
~~~~~~~~~~~~~~~~~~~~~~~
~~~~~~~~~~~~~~~~~~~~~
    + CategoryInfo     
         : NotSpecifi  
  ed: (C:\Users\86mi   
 r\...\src\index.ts    
:6:String) [], Rem    
oteException
    + FullyQualifiedEr 
   rorId : NativeComm  
  andError
 
  throw new Error(
        ^

Error: PORT 
environment variable 
is required but was 
not provided.
    at <anonymous> (C:\
Users\86mir\OneDrive\De
sktop\engageHeatlh\arti
facts\api-server\src\in
dex.ts:6:9)
    at ModuleJob.run (n
ode:internal/modules/es
m/module_job:430:25)
    at async onImport.t
racePromise.__proto__ (
node:internal/modules/e
sm/loader:655:26)
    at async asyncRunEn
tryPointWithESMLoader (
node:internal/modules/r
un_main:101:5)

Node.js v25.6.1
ELIFECYCLE Command failed with exit code 1.
